<?xml version="1.0" encoding="UTF-8"?>
<!-- Generated by org.testng.reporters.JUnitReportReporter -->
<testsuite hostname="SINGH" failures="0" tests="1" name="com.mystore.testscripts.AddToCartPageTest" time="8.403" errors="0" timestamp="2023-01-24T18:14:32 IST" skipped="0">
  <testcase classname="com.mystore.testscripts.AddToCartPageTest" name="verifyAddToCart" time="8.403"/>
  <system-out/>
</testsuite> <!-- com.mystore.testscripts.AddToCartPageTest -->
