<?xml version="1.0" encoding="UTF-8"?>
<!-- Generated by org.testng.reporters.JUnitReportReporter -->
<testsuite hostname="SINGH" failures="0" tests="1" name="com.mystore.testscripts.AddToCartTest" time="6.468" errors="0" timestamp="2023-01-21T18:11:07 IST" skipped="0">
  <testcase classname="com.mystore.testscripts.AddToCartTest" name="verifyAddToCart" time="6.468"/>
  <system-out/>
</testsuite> <!-- com.mystore.testscripts.AddToCartTest -->
