<?xml version="1.0" encoding="UTF-8"?>
<!-- Generated by org.testng.reporters.JUnitReportReporter -->
<testsuite hostname="SINGH" failures="0" tests="2" name="com.mystore.testscripts.HomePageTest" time="6.928" errors="0" timestamp="2023-01-24T18:14:32 IST" skipped="0">
  <testcase classname="com.mystore.testscripts.HomePageTest" name="verifyMyOrder" time="3.521"/>
  <system-out/>
  <testcase classname="com.mystore.testscripts.HomePageTest" name="verifyMyAccount" time="3.407"/>
  <system-out/>
</testsuite> <!-- com.mystore.testscripts.HomePageTest -->
