<?xml version="1.0" encoding="UTF-8"?>
<!-- Generated by org.testng.reporters.JUnitReportReporter -->
<testsuite hostname="SINGH" failures="0" tests="2" name="com.mystore.testscripts.LoginPageTest" time="6.767" errors="0" timestamp="2023-01-24T18:14:32 IST" skipped="0">
  <testcase classname="com.mystore.testscripts.LoginPageTest" name="loginTest" time="3.285"/>
  <system-out/>
  <testcase classname="com.mystore.testscripts.LoginPageTest" name="loginTest" time="3.482"/>
  <system-out/>
</testsuite> <!-- com.mystore.testscripts.LoginPageTest -->
