<?xml version="1.0" encoding="UTF-8"?>
<!-- Generated by org.testng.reporters.JUnitReportReporter -->
<testsuite hostname="SINGH" failures="0" tests="2" name="com.mystore.testscripts.IndexPageTest" time="3.642" errors="0" timestamp="2023-01-24T18:14:32 IST" skipped="0">
  <testcase classname="com.mystore.testscripts.IndexPageTest" name="verifyTitle" time="1.609"/>
  <system-out/>
  <testcase classname="com.mystore.testscripts.IndexPageTest" name="verifyLogo" time="2.033"/>
  <system-out/>
</testsuite> <!-- com.mystore.testscripts.IndexPageTest -->
